<?xml version="1.0" encoding="UTF-8"?>
<!-- Generated by org.testng.reporters.JUnitReportReporter -->
<testsuite skipped="0" hostname="DESKTOP-KF0H7EQ" name="test.java.NewTest" tests="1" failures="0" timestamp="19 Dec 2018 22:48:39 GMT" time="24.884" errors="0">
  <testcase name="rijksmuseum" time="24.884" classname="test.java.NewTest"/>
</testsuite> <!-- test.java.NewTest -->
