<?xml version="1.0" encoding="UTF-8"?>
<!-- Generated by org.testng.reporters.JUnitReportReporter -->
<testsuite skipped="0" hostname="DESKTOP-KF0H7EQ" name="test.java.NewTest" tests="1" failures="0" timestamp="19 Dec 2018 23:46:20 GMT" time="23.957" errors="0">
  <testcase name="f" time="23.957" classname="test.java.NewTest"/>
</testsuite> <!-- test.java.NewTest -->
